<?xml version="1.0" encoding="UTF-8"?>
<!-- Generated by org.testng.reporters.JUnitReportReporter -->
<testsuite hostname="BDC3-DX-4B32N62" name="com.test.NewTest1" tests="2" failures="0" timestamp="8 Apr 2019 06:56:17 GMT" time="0.044" errors="0">
  <testcase name="f1" time="0.016" classname="com.test.NewTest1"/>
  <testcase name="f" time="0.028" classname="com.test.NewTest1"/>
</testsuite> <!-- com.test.NewTest1 -->
