<?xml version="1.0" encoding="UTF-8"?>
<!-- Generated by org.testng.reporters.JUnitReportReporter -->
<testsuite hostname="BDC3-DX-4B32N62" name="com.test.NewTest2" tests="1" failures="0" timestamp="8 Apr 2019 08:36:38 GMT" time="82.295" errors="0">
  <testcase name="f" time="82.295" classname="com.test.NewTest2"/>
</testsuite> <!-- com.test.NewTest2 -->
