<?xml version="1.0" encoding="UTF-8"?>
<!-- Generated by org.testng.reporters.JUnitReportReporter -->
<testsuite hostname="BDC3-DX-4B32N62" name="com.test.testdropdown" tests="1" failures="0" timestamp="9 Apr 2019 03:52:29 GMT" time="29.243" errors="0">
  <testcase name="f" time="29.243" classname="com.test.testdropdown"/>
</testsuite> <!-- com.test.testdropdown -->
