<?xml version="1.0" encoding="UTF-8"?>
<!-- Generated by org.testng.reporters.JUnitReportReporter -->
<testsuite hostname="BDC3-DX-4B32N62" name="com.test.tesExtractDataExcel" tests="1" failures="0" timestamp="9 Apr 2019 05:03:59 GMT" time="2.485" errors="0">
  <testcase name="f" time="2.485" classname="com.test.tesExtractDataExcel"/>
</testsuite> <!-- com.test.tesExtractDataExcel -->
