<?xml version="1.0" encoding="UTF-8"?>
<!-- Generated by org.testng.reporters.JUnitReportReporter -->
<testsuite hostname="BDC3-DX-4B32N62" name="com.test.Json" tests="1" failures="0" timestamp="9 Apr 2019 09:09:41 GMT" time="0.283" errors="0">
  <testcase name="testJSON" time="0.283" classname="com.test.Json"/>
</testsuite> <!-- com.test.Json -->
